/*C5*/SET SCHEMA PUBLIC
DISCONNECT
/*C6*/SET SCHEMA PUBLIC
INSERT INTO STUDENT VALUES(81,'2017-02-06 17:46:55.852000','Demo new student D0','2017-02-06 17:46:55.876000','Demo0')
INSERT INTO ADDRESS VALUES(81,'Location 0',81)
INSERT INTO STUDENT VALUES(82,'2017-02-06 17:46:55.852000','Demo new student D1','2017-02-06 17:46:55.893000','Demo1')
INSERT INTO ADDRESS VALUES(82,'Location 1',82)
INSERT INTO STUDENT VALUES(83,'2017-02-06 17:46:55.852000','Demo new student D2','2017-02-06 17:46:55.895000','Demo2')
INSERT INTO ADDRESS VALUES(83,'Location 2',83)
INSERT INTO STUDENT VALUES(84,'2017-02-06 17:46:55.852000','Demo new student D3','2017-02-06 17:46:55.897000','Demo3')
INSERT INTO ADDRESS VALUES(84,'Location 3',84)
INSERT INTO STUDENT VALUES(85,'2017-02-06 17:46:55.852000','Demo new student D4','2017-02-06 17:46:55.899000','Demo4')
INSERT INTO ADDRESS VALUES(85,'Location 4',85)
INSERT INTO STUDENT VALUES(86,'2017-02-06 17:46:55.852000','Demo new student D5','2017-02-06 17:46:55.901000','Demo5')
INSERT INTO ADDRESS VALUES(86,'Location 5',86)
INSERT INTO STUDENT VALUES(87,'2017-02-06 17:46:55.852000','Demo new student D6','2017-02-06 17:46:55.903000','Demo6')
INSERT INTO ADDRESS VALUES(87,'Location 6',87)
INSERT INTO STUDENT VALUES(88,'2017-02-06 17:46:55.852000','Demo new student D7','2017-02-06 17:46:55.906000','Demo7')
INSERT INTO ADDRESS VALUES(88,'Location 7',88)
INSERT INTO STUDENT VALUES(89,'2017-02-06 17:46:55.852000','Demo new student D8','2017-02-06 17:46:55.909000','Demo8')
INSERT INTO ADDRESS VALUES(89,'Location 8',89)
INSERT INTO STUDENT VALUES(90,'2017-02-06 17:46:55.852000','Demo new student D9','2017-02-06 17:46:55.912000','Demo9')
INSERT INTO ADDRESS VALUES(90,'Location 9',90)
COMMIT
DISCONNECT
/*C7*/SET SCHEMA PUBLIC
DISCONNECT
